<?xml version="1.0" encoding="UTF-8"?>
<!-- Generated by org.testng.reporters.JUnitXMLReporter -->
<testsuite hostname="CBIT01580.local" ignored="0" name="One API test" tests="4" failures="0" timestamp="2021-03-22T03:34:45 IST" time="13.659" errors="0">
  <testcase name="getBooks" time="2.309" classname="com.one.api.tests.Tests"/>
  <testcase name="getMovie" time="0.902" classname="com.one.api.tests.Tests"/>
  <testcase name="getMovieInvalidReq" time="0.899" classname="com.one.api.tests.Tests"/>
  <testcase name="getQuotes" time="9.51" classname="com.one.api.tests.Tests"/>
</testsuite> <!-- One API test -->
